# JRE version: OpenJDK Runtime Environment (21.0.3) (build 21.0.3+-12282718-b509.11)
# Java VM: OpenJDK 64-Bit Server VM (21.0.3+-12282718-b509.11, mixed mode, tiered, compressed oops, compressed class ptrs, g1 gc, windows-amd64)
GC Precious Log:
 CardTable entry size: 512
 Card Set container configuration: InlinePtr #cards 5 size 8 Array Of Cards #cards 12 size 40 Howl #buckets 4 coarsen threshold 1843 Howl Bitmap #cards 512 size 80 coarsen threshold 460 Card regions per heap region 1 cards per card region 2048
 CPUs: 4 total, 4 available
 Memory: 8074M
 Large Page Support: Disabled
 NUMA Support: Disabled
 Compressed Oops: Enabled (32-bit)
 Heap Region Size: 1M
 Heap Min Capacity: 8M
 Heap Initial Capacity: 128M
 Heap Max Capacity: 2G
 Pre-touch: Disabled
 Parallel Workers: 4
 Concurrent Workers: 1
 Concurrent Refinement Workers: 4
 Periodic GC: Disabled
Heap:
 garbage-first heap   total 78848K, used 58379K [0x0000000080000000, 0x0000000100000000)
  region size 1024K, 38 young (38912K), 3 survivors (3072K)
 Metaspace       used 33859K, committed 34560K, reserved 1114112K
  class space    used 4512K, committed 4864K, reserved 1048576K
GC Heap History (10 events):
Event: 4.011 GC heap before
{Heap before GC invocations=0 (full 0):
 garbage-first heap   total 131072K, used 13312K [0x0000000080000000, 0x0000000100000000)
  region size 1024K, 13 young (13312K), 0 survivors (0K)
 Metaspace       used 7263K, committed 7424K, reserved 1114112K
  class space    used 654K, committed 704K, reserved 1048576K
}
Event: 4.022 GC heap after
{Heap after GC invocations=1 (full 0):
 garbage-first heap   total 131072K, used 1279K [0x0000000080000000, 0x0000000100000000)
  region size 1024K, 2 young (2048K), 2 survivors (2048K)
 Metaspace       used 7263K, committed 7424K, reserved 1114112K
  class space    used 654K, committed 704K, reserved 1048576K
}
Event: 9.247 GC heap before
{Heap before GC invocations=1 (full 0):
 garbage-first heap   total 131072K, used 30975K [0x0000000080000000, 0x0000000100000000)
  region size 1024K, 27 young (27648K), 2 survivors (2048K)
 Metaspace       used 11927K, committed 12096K, reserved 1114112K
  class space    used 1263K, committed 1344K, reserved 1048576K
}
Event: 9.257 GC heap after
{Heap after GC invocations=2 (full 0):
 garbage-first heap   total 131072K, used 11812K [0x0000000080000000, 0x0000000100000000)
  region size 1024K, 4 young (4096K), 4 survivors (4096K)
 Metaspace       used 11927K, committed 12096K, reserved 1114112K
  class space    used 1263K, committed 1344K, reserved 1048576K
}
Event: 19.248 GC heap before
{Heap before GC invocations=2 (full 0):
 garbage-first heap   total 131072K, used 86564K [0x0000000080000000, 0x0000000100000000)
  region size 1024K, 76 young (77824K), 4 survivors (4096K)
 Metaspace       used 21019K, committed 21312K, reserved 1114112K
  class space    used 2410K, committed 2560K, reserved 1048576K
}
Event: 19.260 GC heap after
{Heap after GC invocations=3 (full 0):
 garbage-first heap   total 131072K, used 20472K [0x0000000080000000, 0x0000000100000000)
  region size 1024K, 10 young (10240K), 10 survivors (10240K)
 Metaspace       used 21019K, committed 21312K, reserved 1114112K
  class space    used 2410K, committed 2560K, reserved 1048576K
}
Event: 19.358 GC heap before
{Heap before GC invocations=3 (full 0):
 garbage-first heap   total 131072K, used 21496K [0x0000000080000000, 0x0000000100000000)
  region size 1024K, 12 young (12288K), 10 survivors (10240K)
 Metaspace       used 21208K, committed 21504K, reserved 1114112K
  class space    used 2439K, committed 2624K, reserved 1048576K
}
Event: 19.370 GC heap after
{Heap after GC invocations=4 (full 0):
 garbage-first heap   total 131072K, used 21751K [0x0000000080000000, 0x0000000100000000)
  region size 1024K, 1 young (1024K), 1 survivors (1024K)
 Metaspace       used 21208K, committed 21504K, reserved 1114112K
  class space    used 2439K, committed 2624K, reserved 1048576K
}
Event: 24.342 GC heap before
{Heap before GC invocations=5 (full 0):
 garbage-first heap   total 78848K, used 67831K [0x0000000080000000, 0x0000000100000000)
  region size 1024K, 46 young (47104K), 1 survivors (1024K)
 Metaspace       used 29069K, committed 29632K, reserved 1114112K
  class space    used 3701K, committed 3968K, reserved 1048576K
}
Event: 24.348 GC heap after
{Heap after GC invocations=6 (full 0):
 garbage-first heap   total 78848K, used 23563K [0x0000000080000000, 0x0000000100000000)
  region size 1024K, 3 young (3072K), 3 survivors (3072K)
 Metaspace       used 29069K, committed 29632K, reserved 1114112K
  class space    used 3701K, committed 3968K, reserved 1048576K
}

